<?xml version="1.0" encoding="UTF-8"?>
<!-- Generated by org.testng.reporters.JUnitXMLReporter -->
<testsuite hostname="prashuthra" ignored="18" name="Testsequential" tests="16" failures="0" timestamp="10 Apr 2018 17:28:31 GMT" time="552.825" errors="0">
  <testcase name="loginAndLogout" time="3.566" classname="testcases.TC001_LoginAndLogout"/>
  <testcase name="loginAndLogout" time="3.441" classname="testcases.TC001_LoginAndLogout"/>
  <testcase name="loginAndLogout" time="2.465" classname="testcases.TC002_LoginForNegative"/>
  <testcase name="loginAndLogout" time="2.38" classname="testcases.TC002_LoginForNegative"/>
  <testcase name="loginAndLogout" time="2.529" classname="testcases.TC002_LoginForNegative"/>
  <testcase name="loginAndLogout" time="2.375" classname="testcases.TC002_LoginForNegative"/>
  <testcase name="CreateLead" time="12.097" classname="testcases.TC003_CreateLead"/>
  <testcase name="CreateLead" time="10.45" classname="testcases.TC003_CreateLead"/>
  <testcase name="EditLead" time="15.922" classname="testcases.TC004_EditLead"/>
  <testcase name="EditLead" time="15.281" classname="testcases.TC004_EditLead"/>
  <testcase name="DeleteLead" time="15.491" classname="testcases.TC005_DeleteLead"/>
  <testcase name="DeleteLead" time="31.413" classname="testcases.TC005_DeleteLead"/>
  <testcase name="EditLead" time="14.728" classname="testcases.TC006_DuplicateLead"/>
  <testcase name="EditLead" time="14.277" classname="testcases.TC006_DuplicateLead"/>
  <testcase name="EditLead" time="120.845" classname="testcases.TC007_MergeLead"/>
  <testcase name="EditLead" time="116.993" classname="testcases.TC007_MergeLead"/>
  <testcase name="@AfterTest afterTest" time="0.0" classname="wdMethods.ProjectMethods">
    <ignored/>
  </testcase> <!-- @AfterTest afterTest -->
  <testcase name="@AfterTest afterTest" time="0.0" classname="wdMethods.ProjectMethods">
    <ignored/>
  </testcase> <!-- @AfterTest afterTest -->
  <testcase name="@AfterTest afterTest" time="0.0" classname="wdMethods.ProjectMethods">
    <ignored/>
  </testcase> <!-- @AfterTest afterTest -->
  <testcase name="@AfterTest afterTest" time="0.0" classname="wdMethods.ProjectMethods">
    <ignored/>
  </testcase> <!-- @AfterTest afterTest -->
  <testcase name="@AfterTest afterTest" time="0.0" classname="wdMethods.ProjectMethods">
    <ignored/>
  </testcase> <!-- @AfterTest afterTest -->
  <testcase name="@AfterTest afterTest" time="0.0" classname="wdMethods.ProjectMethods">
    <ignored/>
  </testcase> <!-- @AfterTest afterTest -->
  <testcase name="@BeforeSuite beforeSuite" time="0.0" classname="wdMethods.ProjectMethods">
    <ignored/>
  </testcase> <!-- @BeforeSuite beforeSuite -->
  <testcase name="@BeforeSuite beforeSuite" time="0.0" classname="wdMethods.ProjectMethods">
    <ignored/>
  </testcase> <!-- @BeforeSuite beforeSuite -->
  <testcase name="@BeforeSuite beforeSuite" time="0.0" classname="wdMethods.ProjectMethods">
    <ignored/>
  </testcase> <!-- @BeforeSuite beforeSuite -->
  <testcase name="@BeforeSuite beforeSuite" time="0.0" classname="wdMethods.ProjectMethods">
    <ignored/>
  </testcase> <!-- @BeforeSuite beforeSuite -->
  <testcase name="@BeforeSuite beforeSuite" time="0.0" classname="wdMethods.ProjectMethods">
    <ignored/>
  </testcase> <!-- @BeforeSuite beforeSuite -->
  <testcase name="@BeforeSuite beforeSuite" time="0.0" classname="wdMethods.ProjectMethods">
    <ignored/>
  </testcase> <!-- @BeforeSuite beforeSuite -->
  <testcase name="@AfterSuite afterSuite" time="0.0" classname="wdMethods.ProjectMethods">
    <ignored/>
  </testcase> <!-- @AfterSuite afterSuite -->
  <testcase name="@AfterSuite afterSuite" time="0.0" classname="wdMethods.ProjectMethods">
    <ignored/>
  </testcase> <!-- @AfterSuite afterSuite -->
  <testcase name="@AfterSuite afterSuite" time="0.0" classname="wdMethods.ProjectMethods">
    <ignored/>
  </testcase> <!-- @AfterSuite afterSuite -->
  <testcase name="@AfterSuite afterSuite" time="0.0" classname="wdMethods.ProjectMethods">
    <ignored/>
  </testcase> <!-- @AfterSuite afterSuite -->
  <testcase name="@AfterSuite afterSuite" time="0.0" classname="wdMethods.ProjectMethods">
    <ignored/>
  </testcase> <!-- @AfterSuite afterSuite -->
  <testcase name="@AfterSuite afterSuite" time="0.0" classname="wdMethods.ProjectMethods">
    <ignored/>
  </testcase> <!-- @AfterSuite afterSuite -->
</testsuite> <!-- Testsequential -->
