<?xml version="1.0" encoding="UTF-8"?>
<testng-results skipped="0" failed="1" ignored="0" total="1" passed="0">
  <reporter-output>
  </reporter-output>
  <suite name="Default suite" duration-ms="51620" started-at="2018-05-03T16:47:23Z" finished-at="2018-05-03T16:48:15Z">
    <groups>
    </groups>
    <test name="Default test" duration-ms="51620" started-at="2018-05-03T16:47:23Z" finished-at="2018-05-03T16:48:15Z">
      <class name="testcases_landsend.TC012_SSalesOrder">
        <test-method status="PASS" signature="beforeSuite()[pri:0, instance:testcases_landsend.TC012_SSalesOrder@6536e911]" name="beforeSuite" is-config="true" duration-ms="1751" started-at="2018-05-03T16:47:21Z" finished-at="2018-05-03T16:47:23Z">
          <reporter-output>
          </reporter-output>
        </test-method> <!-- beforeSuite -->
        <test-method status="PASS" signature="setData()[pri:0, instance:testcases_landsend.TC012_SSalesOrder@6536e911]" name="setData" is-config="true" duration-ms="1" started-at="2018-05-03T16:47:23Z" finished-at="2018-05-03T16:47:23Z">
          <reporter-output>
          </reporter-output>
        </test-method> <!-- setData -->
        <test-method status="PASS" signature="beforeClass()[pri:0, instance:testcases_landsend.TC012_SSalesOrder@6536e911]" name="beforeClass" is-config="true" duration-ms="2" started-at="2018-05-03T16:47:23Z" finished-at="2018-05-03T16:47:23Z">
          <reporter-output>
          </reporter-output>
        </test-method> <!-- beforeClass -->
        <test-method status="PASS" signature="beforeMethod()[pri:0, instance:testcases_landsend.TC012_SSalesOrder@6536e911]" name="beforeMethod" is-config="true" duration-ms="8550" started-at="2018-05-03T16:47:24Z" finished-at="2018-05-03T16:47:32Z">
          <reporter-output>
          </reporter-output>
        </test-method> <!-- beforeMethod -->
        <test-method status="FAIL" signature="sSalesOrder(java.lang.String, java.lang.String, java.lang.String, java.lang.String, java.lang.String)[pri:0, instance:testcases_landsend.TC012_SSalesOrder@6536e911]" name="sSalesOrder" duration-ms="42354" started-at="2018-05-03T16:47:32Z" data-provider="fetchData" finished-at="2018-05-03T16:48:15Z">
          <params>
            <param index="0">
              <value>
                <![CDATA[prasanth.sundaresan@landsend.com.qa]]>
              </value>
            </param>
            <param index="1">
              <value>
                <![CDATA[Erode@123]]>
              </value>
            </param>
            <param index="2">
              <value>
                <![CDATA[Prasanth Sundaresan]]>
              </value>
            </param>
            <param index="3">
              <value>
                <![CDATA[Delta UAT Testing]]>
              </value>
            </param>
            <param index="4">
              <value>
                <![CDATA[5/3/2018]]>
              </value>
            </param>
          </params>
          <exception class="java.lang.RuntimeException">
            <full-stacktrace>
              <![CDATA[java.lang.RuntimeException
at utils.Reporter.reportStep(Reporter.java:60)
at utils.Reporter.reportStep(Reporter.java:70)
at wdMethods.SeMethods.type(SeMethods.java:121)
at pages1.SHomePage.clickOrderDate(SHomePage.java:66)
at testcases_landsend.TC012_SSalesOrder.sSalesOrder(TC012_SSalesOrder.java:38)
at sun.reflect.NativeMethodAccessorImpl.invoke0(Native Method)
at sun.reflect.NativeMethodAccessorImpl.invoke(NativeMethodAccessorImpl.java:62)
at sun.reflect.DelegatingMethodAccessorImpl.invoke(DelegatingMethodAccessorImpl.java:43)
at java.lang.reflect.Method.invoke(Method.java:498)
at org.testng.internal.MethodInvocationHelper.invokeMethod(MethodInvocationHelper.java:124)
at org.testng.internal.Invoker.invokeMethod(Invoker.java:580)
at org.testng.internal.Invoker.invokeTestMethod(Invoker.java:716)
at org.testng.internal.Invoker.invokeTestMethods(Invoker.java:988)
at org.testng.internal.TestMethodWorker.invokeTestMethods(TestMethodWorker.java:125)
at org.testng.internal.TestMethodWorker.run(TestMethodWorker.java:109)
at org.testng.TestRunner.privateRun(TestRunner.java:648)
at org.testng.TestRunner.run(TestRunner.java:505)
at org.testng.SuiteRunner.runTest(SuiteRunner.java:455)
at org.testng.SuiteRunner.runSequentially(SuiteRunner.java:450)
at org.testng.SuiteRunner.privateRun(SuiteRunner.java:415)
at org.testng.SuiteRunner.run(SuiteRunner.java:364)
at org.testng.SuiteRunnerWorker.runSuite(SuiteRunnerWorker.java:52)
at org.testng.SuiteRunnerWorker.run(SuiteRunnerWorker.java:84)
at org.testng.TestNG.runSuitesSequentially(TestNG.java:1208)
at org.testng.TestNG.runSuitesLocally(TestNG.java:1137)
at org.testng.TestNG.runSuites(TestNG.java:1049)
at org.testng.TestNG.run(TestNG.java:1017)
at org.testng.remote.AbstractRemoteTestNG.run(AbstractRemoteTestNG.java:114)
at org.testng.remote.RemoteTestNG.initAndRun(RemoteTestNG.java:251)
at org.testng.remote.RemoteTestNG.main(RemoteTestNG.java:77)
]]>
            </full-stacktrace>
          </exception> <!-- java.lang.RuntimeException -->
          <reporter-output>
          </reporter-output>
        </test-method> <!-- sSalesOrder -->
        <test-method status="PASS" signature="afterMethod()[pri:0, instance:testcases_landsend.TC012_SSalesOrder@6536e911]" name="afterMethod" is-config="true" duration-ms="0" started-at="2018-05-03T16:48:15Z" finished-at="2018-05-03T16:48:15Z">
          <reporter-output>
          </reporter-output>
        </test-method> <!-- afterMethod -->
        <test-method status="PASS" signature="afterTest()[pri:0, instance:testcases_landsend.TC012_SSalesOrder@6536e911]" name="afterTest" is-config="true" duration-ms="0" started-at="2018-05-03T16:48:15Z" finished-at="2018-05-03T16:48:15Z">
          <reporter-output>
          </reporter-output>
        </test-method> <!-- afterTest -->
        <test-method status="PASS" signature="afterSuite()[pri:0, instance:testcases_landsend.TC012_SSalesOrder@6536e911]" name="afterSuite" is-config="true" duration-ms="946" started-at="2018-05-03T16:48:15Z" finished-at="2018-05-03T16:48:16Z">
          <reporter-output>
          </reporter-output>
        </test-method> <!-- afterSuite -->
      </class> <!-- testcases_landsend.TC012_SSalesOrder -->
    </test> <!-- Default test -->
  </suite> <!-- Default suite -->
</testng-results>
