<?xml version="1.0" encoding="UTF-8"?>
<testng-results skipped="0" failed="0" ignored="0" total="1" passed="1">
  <reporter-output>
  </reporter-output>
  <suite name="Default suite" duration-ms="35120" started-at="2018-05-05T15:45:13Z" finished-at="2018-05-05T15:45:48Z">
    <groups>
    </groups>
    <test name="Default test" duration-ms="35120" started-at="2018-05-05T15:45:13Z" finished-at="2018-05-05T15:45:48Z">
      <class name="testcases_myntra.TC001_Myntra_Homepage">
        <test-method status="PASS" signature="beforeSuite()[pri:0, instance:testcases_myntra.TC001_Myntra_Homepage@6536e911]" name="beforeSuite" is-config="true" duration-ms="1757" started-at="2018-05-05T15:45:12Z" finished-at="2018-05-05T15:45:13Z">
          <reporter-output>
          </reporter-output>
        </test-method> <!-- beforeSuite -->
        <test-method status="PASS" signature="setData()[pri:0, instance:testcases_myntra.TC001_Myntra_Homepage@6536e911]" name="setData" is-config="true" duration-ms="1" started-at="2018-05-05T15:45:13Z" finished-at="2018-05-05T15:45:13Z">
          <reporter-output>
          </reporter-output>
        </test-method> <!-- setData -->
        <test-method status="PASS" signature="beforeClass()[pri:0, instance:testcases_myntra.TC001_Myntra_Homepage@6536e911]" name="beforeClass" is-config="true" duration-ms="1" started-at="2018-05-05T15:45:13Z" finished-at="2018-05-05T15:45:13Z">
          <reporter-output>
          </reporter-output>
        </test-method> <!-- beforeClass -->
        <test-method status="PASS" signature="beforeMethod()[pri:0, instance:testcases_myntra.TC001_Myntra_Homepage@6536e911]" name="beforeMethod" is-config="true" duration-ms="11522" started-at="2018-05-05T15:45:14Z" finished-at="2018-05-05T15:45:26Z">
          <reporter-output>
          </reporter-output>
        </test-method> <!-- beforeMethod -->
        <test-method status="PASS" signature="HomePage(java.lang.String)[pri:0, instance:testcases_myntra.TC001_Myntra_Homepage@6536e911]" name="HomePage" duration-ms="22917" started-at="2018-05-05T15:45:26Z" data-provider="fetchData" finished-at="2018-05-05T15:45:48Z">
          <params>
            <param index="0">
              <value>
                <![CDATA[sunglasses]]>
              </value>
            </param>
          </params>
          <reporter-output>
          </reporter-output>
        </test-method> <!-- HomePage -->
        <test-method status="PASS" signature="afterMethod()[pri:0, instance:testcases_myntra.TC001_Myntra_Homepage@6536e911]" name="afterMethod" is-config="true" duration-ms="0" started-at="2018-05-05T15:45:48Z" finished-at="2018-05-05T15:45:48Z">
          <reporter-output>
          </reporter-output>
        </test-method> <!-- afterMethod -->
        <test-method status="PASS" signature="afterTest()[pri:0, instance:testcases_myntra.TC001_Myntra_Homepage@6536e911]" name="afterTest" is-config="true" duration-ms="16" started-at="2018-05-05T15:45:48Z" finished-at="2018-05-05T15:45:48Z">
          <reporter-output>
          </reporter-output>
        </test-method> <!-- afterTest -->
        <test-method status="PASS" signature="afterSuite()[pri:0, instance:testcases_myntra.TC001_Myntra_Homepage@6536e911]" name="afterSuite" is-config="true" duration-ms="747" started-at="2018-05-05T15:45:49Z" finished-at="2018-05-05T15:45:49Z">
          <reporter-output>
          </reporter-output>
        </test-method> <!-- afterSuite -->
      </class> <!-- testcases_myntra.TC001_Myntra_Homepage -->
    </test> <!-- Default test -->
  </suite> <!-- Default suite -->
</testng-results>
